<?xml version="1.0" encoding="UTF-8"?>
<testsuite name="com.machntek.prac.springboot.web.dto.HelloResponseDtoTest" tests="1" skipped="0" failures="0" errors="0" timestamp="2021-02-05T13:59:17" hostname="machntekui-MacBookPro.local" time="0.049">
  <properties/>
  <testcase name="롬복_기능_테스트" classname="com.machntek.prac.springboot.web.dto.HelloResponseDtoTest" time="0.049"/>
  <system-out><![CDATA[]]></system-out>
  <system-err><![CDATA[]]></system-err>
</testsuite>
