<?xml version="1.0" encoding="UTF-8"?>
<testsuite name="com.machntek.prac.springboot.domain.posts.PostsRepositoryTest" tests="2" skipped="0" failures="0" errors="0" timestamp="2021-02-05T13:59:34" hostname="machntekui-MacBookPro.local" time="0.024">
  <properties/>
  <testcase name="게시글저장_불러오기" classname="com.machntek.prac.springboot.domain.posts.PostsRepositoryTest" time="0.015"/>
  <testcase name="BaseTimeEntity_등록" classname="com.machntek.prac.springboot.domain.posts.PostsRepositoryTest" time="0.009"/>
  <system-out><![CDATA[2021-02-05 22:59:28.757  INFO 13880 --- [    Test worker] .b.t.c.SpringBootTestContextBootstrapper : Neither @ContextConfiguration nor @ContextHierarchy found for test class [com.machntek.prac.springboot.domain.posts.PostsRepositoryTest], using SpringBootContextLoader
2021-02-05 22:59:28.758  INFO 13880 --- [    Test worker] o.s.t.c.support.AbstractContextLoader    : Could not detect default resource locations for test class [com.machntek.prac.springboot.domain.posts.PostsRepositoryTest]: no resource found for suffixes {-context.xml, Context.groovy}.
2021-02-05 22:59:28.758  INFO 13880 --- [    Test worker] t.c.s.AnnotationConfigContextLoaderUtils : Could not detect default configuration classes for test class [com.machntek.prac.springboot.domain.posts.PostsRepositoryTest]: PostsRepositoryTest does not declare any static, non-private, non-final, nested classes annotated with @Configuration.
2021-02-05 22:59:28.762  INFO 13880 --- [    Test worker] .b.t.c.SpringBootTestContextBootstrapper : Found @SpringBootConfiguration com.machntek.prac.springboot.Application for test class com.machntek.prac.springboot.domain.posts.PostsRepositoryTest
2021-02-05 22:59:28.763  INFO 13880 --- [    Test worker] .b.t.c.SpringBootTestContextBootstrapper : Loaded default TestExecutionListener class names from location [META-INF/spring.factories]: [org.springframework.security.test.context.support.WithSecurityContextTestExecutionListener, org.springframework.security.test.context.support.ReactorContextTestExecutionListener, org.springframework.boot.test.autoconfigure.restdocs.RestDocsTestExecutionListener, org.springframework.boot.test.autoconfigure.web.client.MockRestServiceServerResetTestExecutionListener, org.springframework.boot.test.autoconfigure.web.servlet.MockMvcPrintOnlyOnFailureTestExecutionListener, org.springframework.boot.test.autoconfigure.web.servlet.WebDriverTestExecutionListener, org.springframework.boot.test.mock.mockito.MockitoTestExecutionListener, org.springframework.boot.test.mock.mockito.ResetMocksTestExecutionListener, org.springframework.test.context.web.ServletTestExecutionListener, org.springframework.test.context.support.DirtiesContextBeforeModesTestExecutionListener, org.springframework.test.context.support.DependencyInjectionTestExecutionListener, org.springframework.test.context.support.DirtiesContextTestExecutionListener, org.springframework.test.context.transaction.TransactionalTestExecutionListener, org.springframework.test.context.jdbc.SqlScriptsTestExecutionListener]
2021-02-05 22:59:28.763  INFO 13880 --- [    Test worker] .b.t.c.SpringBootTestContextBootstrapper : Using TestExecutionListeners: [org.springframework.test.context.web.ServletTestExecutionListener@23c6b48, org.springframework.test.context.support.DirtiesContextBeforeModesTestExecutionListener@1221c5a6, org.springframework.boot.test.mock.mockito.MockitoTestExecutionListener@5fd687b9, org.springframework.boot.test.autoconfigure.SpringBootDependencyInjectionTestExecutionListener@25aa70af, org.springframework.test.context.support.DirtiesContextTestExecutionListener@442d2979, org.springframework.test.context.transaction.TransactionalTestExecutionListener@58bdd8af, org.springframework.test.context.jdbc.SqlScriptsTestExecutionListener@333d674e, org.springframework.security.test.context.support.WithSecurityContextTestExecutionListener@45e4568e, org.springframework.security.test.context.support.ReactorContextTestExecutionListener@68afd9aa, org.springframework.boot.test.autoconfigure.restdocs.RestDocsTestExecutionListener@5ee10cb0, org.springframework.boot.test.autoconfigure.web.client.MockRestServiceServerResetTestExecutionListener@6be1735, org.springframework.boot.test.autoconfigure.web.servlet.MockMvcPrintOnlyOnFailureTestExecutionListener@6189614a, org.springframework.boot.test.autoconfigure.web.servlet.WebDriverTestExecutionListener@77fd8658, org.springframework.boot.test.mock.mockito.ResetMocksTestExecutionListener@212f809b]

  .   ____          _            __ _ _
 /\\ / ___'_ __ _ _(_)_ __  __ _ \ \ \ \
( ( )\___ | '_ | '_| | '_ \/ _` | \ \ \ \
 \\/  ___)| |_)| | | | | || (_| |  ) ) ) )
  '  |____| .__|_| |_|_| |_\__, | / / / /
 =========|_|==============|___/=/_/_/_/
 :: Spring Boot ::        (v2.1.7.RELEASE)

2021-02-05 22:59:33.778  INFO 13880 --- [    Test worker] c.m.p.s.d.posts.PostsRepositoryTest      : Starting PostsRepositoryTest on machntekui-MacBookPro.local with PID 13880 (started by machntek in /Users/machntek/IdeaProjects/freelec-springboot2-prac)
2021-02-05 22:59:33.779  INFO 13880 --- [    Test worker] c.m.p.s.d.posts.PostsRepositoryTest      : No active profile set, falling back to default profiles: default
2021-02-05 22:59:33.899  INFO 13880 --- [    Test worker] .s.d.r.c.RepositoryConfigurationDelegate : Bootstrapping Spring Data repositories in DEFAULT mode.
2021-02-05 22:59:33.909  INFO 13880 --- [    Test worker] .s.d.r.c.RepositoryConfigurationDelegate : Finished Spring Data repository scanning in 10ms. Found 2 repository interfaces.
2021-02-05 22:59:33.990  INFO 13880 --- [    Test worker] trationDelegate$BeanPostProcessorChecker : Bean 'org.springframework.transaction.annotation.ProxyTransactionManagementConfiguration' of type [org.springframework.transaction.annotation.ProxyTransactionManagementConfiguration$$EnhancerBySpringCGLIB$$eaf757f3] is not eligible for getting processed by all BeanPostProcessors (for example: not eligible for auto-proxying)
2021-02-05 22:59:34.041  INFO 13880 --- [    Test worker] com.zaxxer.hikari.HikariDataSource       : HikariPool-2 - Starting...
2021-02-05 22:59:34.043  INFO 13880 --- [    Test worker] com.zaxxer.hikari.HikariDataSource       : HikariPool-2 - Start completed.
2021-02-05 22:59:34.055  INFO 13880 --- [    Test worker] o.hibernate.jpa.internal.util.LogHelper  : HHH000204: Processing PersistenceUnitInfo [
	name: default
	...]
2021-02-05 22:59:34.059  INFO 13880 --- [    Test worker] org.hibernate.dialect.Dialect            : HHH000400: Using dialect: org.hibernate.dialect.MySQL5InnoDBDialect
Hibernate: drop table if exists posts
Hibernate: drop table if exists user
Hibernate: create table posts (id bigint not null auto_increment, created_date datetime, modified_date datetime, author varchar(255), content TEXT not null, title varchar(500) not null, primary key (id)) engine=InnoDB
Hibernate: create table user (id bigint not null auto_increment, created_date datetime, modified_date datetime, email varchar(255) not null, name varchar(255) not null, picture varchar(255), role varchar(255) not null, primary key (id)) engine=InnoDB
2021-02-05 22:59:34.090  INFO 13880 --- [    Test worker] o.h.t.schema.internal.SchemaCreatorImpl  : HHH000476: Executing import script 'org.hibernate.tool.schema.internal.exec.ScriptSourceInputNonExistentImpl@5aa1a0ce'
2021-02-05 22:59:34.091  INFO 13880 --- [    Test worker] j.LocalContainerEntityManagerFactoryBean : Initialized JPA EntityManagerFactory for persistence unit 'default'
2021-02-05 22:59:34.199  INFO 13880 --- [    Test worker] o.h.h.i.QueryTranslatorFactoryInitiator  : HHH000397: Using ASTQueryTranslatorFactory
2021-02-05 22:59:34.275  INFO 13880 --- [    Test worker] o.s.s.web.DefaultSecurityFilterChain     : Creating filter chain: any request, [org.springframework.security.web.context.request.async.WebAsyncManagerIntegrationFilter@6b242b63, org.springframework.security.web.context.SecurityContextPersistenceFilter@113d8f2a, org.springframework.security.web.header.HeaderWriterFilter@1ab810c7, org.springframework.security.web.authentication.logout.LogoutFilter@76a0f1e, org.springframework.security.oauth2.client.web.OAuth2AuthorizationRequestRedirectFilter@596f3943, org.springframework.security.oauth2.client.web.OAuth2LoginAuthenticationFilter@245eb34d, org.springframework.security.web.authentication.ui.DefaultLoginPageGeneratingFilter@7ad39bb1, org.springframework.security.web.authentication.ui.DefaultLogoutPageGeneratingFilter@67659f50, org.springframework.security.web.savedrequest.RequestCacheAwareFilter@45fcac5, org.springframework.security.web.servletapi.SecurityContextHolderAwareRequestFilter@5e3bcca1, org.springframework.security.web.authentication.AnonymousAuthenticationFilter@476007de, org.springframework.security.web.session.SessionManagementFilter@718ab8d7, org.springframework.security.web.access.ExceptionTranslationFilter@36747078, org.springframework.security.web.access.intercept.FilterSecurityInterceptor@4fa87cb3]
2021-02-05 22:59:34.429  INFO 13880 --- [    Test worker] o.s.s.concurrent.ThreadPoolTaskExecutor  : Initializing ExecutorService 'applicationTaskExecutor'
2021-02-05 22:59:34.438  WARN 13880 --- [    Test worker] aWebConfiguration$JpaWebMvcConfiguration : spring.jpa.open-in-view is enabled by default. Therefore, database queries may be performed during view rendering. Explicitly configure spring.jpa.open-in-view to disable this warning
2021-02-05 22:59:34.455  INFO 13880 --- [    Test worker] o.s.b.a.w.s.WelcomePageHandlerMapping    : Adding welcome page template: index
2021-02-05 22:59:34.645  INFO 13880 --- [    Test worker] s.a.ScheduledAnnotationBeanPostProcessor : No TaskScheduler/ScheduledExecutorService bean found for scheduled processing
2021-02-05 22:59:34.646  INFO 13880 --- [    Test worker] c.m.p.s.d.posts.PostsRepositoryTest      : Started PostsRepositoryTest in 5.881 seconds (JVM running for 17.141)
Hibernate: insert into posts (created_date, modified_date, author, content, title) values (?, ?, ?, ?, ?)
Hibernate: select posts0_.id as id1_0_, posts0_.created_date as created_2_0_, posts0_.modified_date as modified3_0_, posts0_.author as author4_0_, posts0_.content as content5_0_, posts0_.title as title6_0_ from posts posts0_
Hibernate: select posts0_.id as id1_0_, posts0_.created_date as created_2_0_, posts0_.modified_date as modified3_0_, posts0_.author as author4_0_, posts0_.content as content5_0_, posts0_.title as title6_0_ from posts posts0_
Hibernate: delete from posts where id=?
2019-06-04T00:00
Hibernate: insert into posts (created_date, modified_date, author, content, title) values (?, ?, ?, ?, ?)
Hibernate: select posts0_.id as id1_0_, posts0_.created_date as created_2_0_, posts0_.modified_date as modified3_0_, posts0_.author as author4_0_, posts0_.content as content5_0_, posts0_.title as title6_0_ from posts posts0_
>>>>>>>>>> createDate=2021-02-05T22:59:34.667159, modifiedDate=2021-02-05T22:59:34.667159
Hibernate: select posts0_.id as id1_0_, posts0_.created_date as created_2_0_, posts0_.modified_date as modified3_0_, posts0_.author as author4_0_, posts0_.content as content5_0_, posts0_.title as title6_0_ from posts posts0_
Hibernate: delete from posts where id=?
]]></system-out>
  <system-err><![CDATA[]]></system-err>
</testsuite>
