<?xml version="1.0" encoding="UTF-8"?>
<testsuite name="com.machntek.prac.springboot.web.HelloControllerTest" tests="2" skipped="0" failures="0" errors="0" timestamp="2021-02-05T13:59:25" hostname="machntekui-MacBookPro.local" time="0.35">
  <properties/>
  <testcase name="hello가_리턴된다" classname="com.machntek.prac.springboot.web.HelloControllerTest" time="0.293"/>
  <testcase name="helloDto가_리턴된다" classname="com.machntek.prac.springboot.web.HelloControllerTest" time="0.056"/>
  <system-out><![CDATA[22:59:18.136 [Test worker] DEBUG org.springframework.test.context.junit4.SpringJUnit4ClassRunner - SpringJUnit4ClassRunner constructor called with [class com.machntek.prac.springboot.web.HelloControllerTest]
22:59:18.141 [Test worker] DEBUG org.springframework.test.context.BootstrapUtils - Instantiating CacheAwareContextLoaderDelegate from class [org.springframework.test.context.cache.DefaultCacheAwareContextLoaderDelegate]
22:59:18.147 [Test worker] DEBUG org.springframework.test.context.BootstrapUtils - Instantiating BootstrapContext using constructor [public org.springframework.test.context.support.DefaultBootstrapContext(java.lang.Class,org.springframework.test.context.CacheAwareContextLoaderDelegate)]
22:59:18.162 [Test worker] DEBUG org.springframework.test.context.BootstrapUtils - Instantiating TestContextBootstrapper for test class [com.machntek.prac.springboot.web.HelloControllerTest] from class [org.springframework.boot.test.autoconfigure.web.servlet.WebMvcTestContextBootstrapper]
22:59:18.179 [Test worker] INFO org.springframework.boot.test.autoconfigure.web.servlet.WebMvcTestContextBootstrapper - Neither @ContextConfiguration nor @ContextHierarchy found for test class [com.machntek.prac.springboot.web.HelloControllerTest], using SpringBootContextLoader
22:59:18.181 [Test worker] DEBUG org.springframework.test.context.support.AbstractContextLoader - Did not detect default resource location for test class [com.machntek.prac.springboot.web.HelloControllerTest]: class path resource [com/machntek/prac/springboot/web/HelloControllerTest-context.xml] does not exist
22:59:18.182 [Test worker] DEBUG org.springframework.test.context.support.AbstractContextLoader - Did not detect default resource location for test class [com.machntek.prac.springboot.web.HelloControllerTest]: class path resource [com/machntek/prac/springboot/web/HelloControllerTestContext.groovy] does not exist
22:59:18.182 [Test worker] INFO org.springframework.test.context.support.AbstractContextLoader - Could not detect default resource locations for test class [com.machntek.prac.springboot.web.HelloControllerTest]: no resource found for suffixes {-context.xml, Context.groovy}.
22:59:18.183 [Test worker] INFO org.springframework.test.context.support.AnnotationConfigContextLoaderUtils - Could not detect default configuration classes for test class [com.machntek.prac.springboot.web.HelloControllerTest]: HelloControllerTest does not declare any static, non-private, non-final, nested classes annotated with @Configuration.
22:59:18.239 [Test worker] DEBUG org.springframework.test.context.support.ActiveProfilesUtils - Could not find an 'annotation declaring class' for annotation type [org.springframework.test.context.ActiveProfiles] and class [com.machntek.prac.springboot.web.HelloControllerTest]
22:59:18.300 [Test worker] DEBUG org.springframework.context.annotation.ClassPathScanningCandidateComponentProvider - Identified candidate component class: file [/Users/machntek/IdeaProjects/freelec-springboot2-prac/build/classes/java/main/com/machntek/prac/springboot/Application.class]
22:59:18.301 [Test worker] INFO org.springframework.boot.test.context.SpringBootTestContextBootstrapper - Found @SpringBootConfiguration com.machntek.prac.springboot.Application for test class com.machntek.prac.springboot.web.HelloControllerTest
22:59:18.303 [Test worker] DEBUG org.springframework.boot.test.autoconfigure.web.servlet.WebMvcTestContextBootstrapper - @TestExecutionListeners is not present for class [com.machntek.prac.springboot.web.HelloControllerTest]: using defaults.
22:59:18.303 [Test worker] INFO org.springframework.boot.test.autoconfigure.web.servlet.WebMvcTestContextBootstrapper - Loaded default TestExecutionListener class names from location [META-INF/spring.factories]: [org.springframework.security.test.context.support.WithSecurityContextTestExecutionListener, org.springframework.security.test.context.support.ReactorContextTestExecutionListener, org.springframework.boot.test.autoconfigure.restdocs.RestDocsTestExecutionListener, org.springframework.boot.test.autoconfigure.web.client.MockRestServiceServerResetTestExecutionListener, org.springframework.boot.test.autoconfigure.web.servlet.MockMvcPrintOnlyOnFailureTestExecutionListener, org.springframework.boot.test.autoconfigure.web.servlet.WebDriverTestExecutionListener, org.springframework.boot.test.mock.mockito.MockitoTestExecutionListener, org.springframework.boot.test.mock.mockito.ResetMocksTestExecutionListener, org.springframework.test.context.web.ServletTestExecutionListener, org.springframework.test.context.support.DirtiesContextBeforeModesTestExecutionListener, org.springframework.test.context.support.DependencyInjectionTestExecutionListener, org.springframework.test.context.support.DirtiesContextTestExecutionListener, org.springframework.test.context.transaction.TransactionalTestExecutionListener, org.springframework.test.context.jdbc.SqlScriptsTestExecutionListener]
22:59:18.318 [Test worker] INFO org.springframework.boot.test.autoconfigure.web.servlet.WebMvcTestContextBootstrapper - Using TestExecutionListeners: [org.springframework.test.context.web.ServletTestExecutionListener@5cd1ca25, org.springframework.test.context.support.DirtiesContextBeforeModesTestExecutionListener@660effdf, org.springframework.boot.test.mock.mockito.MockitoTestExecutionListener@3819d740, org.springframework.boot.test.autoconfigure.SpringBootDependencyInjectionTestExecutionListener@1dcea31a, org.springframework.test.context.support.DirtiesContextTestExecutionListener@4f9cc264, org.springframework.test.context.transaction.TransactionalTestExecutionListener@5efd2c4f, org.springframework.test.context.jdbc.SqlScriptsTestExecutionListener@28285307, org.springframework.security.test.context.support.WithSecurityContextTestExecutionListener@4096f36b, org.springframework.security.test.context.support.ReactorContextTestExecutionListener@693096ff, org.springframework.boot.test.autoconfigure.restdocs.RestDocsTestExecutionListener@5e1850c2, org.springframework.boot.test.autoconfigure.web.client.MockRestServiceServerResetTestExecutionListener@34c2906d, org.springframework.boot.test.autoconfigure.web.servlet.MockMvcPrintOnlyOnFailureTestExecutionListener@43382035, org.springframework.boot.test.autoconfigure.web.servlet.WebDriverTestExecutionListener@2e52c1c3, org.springframework.boot.test.mock.mockito.ResetMocksTestExecutionListener@32d00a8b]
22:59:18.319 [Test worker] DEBUG org.springframework.test.annotation.ProfileValueUtils - Retrieved @ProfileValueSourceConfiguration [null] for test class [com.machntek.prac.springboot.web.HelloControllerTest]
22:59:18.319 [Test worker] DEBUG org.springframework.test.annotation.ProfileValueUtils - Retrieved ProfileValueSource type [class org.springframework.test.annotation.SystemProfileValueSource] for class [com.machntek.prac.springboot.web.HelloControllerTest]
22:59:18.320 [Test worker] DEBUG org.springframework.test.annotation.ProfileValueUtils - Retrieved @ProfileValueSourceConfiguration [null] for test class [com.machntek.prac.springboot.web.HelloControllerTest]
22:59:18.320 [Test worker] DEBUG org.springframework.test.annotation.ProfileValueUtils - Retrieved ProfileValueSource type [class org.springframework.test.annotation.SystemProfileValueSource] for class [com.machntek.prac.springboot.web.HelloControllerTest]
22:59:18.323 [Test worker] DEBUG org.springframework.test.context.support.AbstractDirtiesContextTestExecutionListener - Before test class: context [DefaultTestContext@55c55912 testClass = HelloControllerTest, testInstance = [null], testMethod = [null], testException = [null], mergedContextConfiguration = [WebMergedContextConfiguration@3000ca11 testClass = HelloControllerTest, locations = '{}', classes = '{class com.machntek.prac.springboot.Application}', contextInitializerClasses = '[]', activeProfiles = '{}', propertySourceLocations = '{}', propertySourceProperties = '{org.springframework.boot.test.autoconfigure.web.servlet.WebMvcTestContextBootstrapper=true}', contextCustomizers = set[org.springframework.boot.test.autoconfigure.OverrideAutoConfigurationContextCustomizerFactory$DisableAutoConfigurationContextCustomizer@444ff38, org.springframework.boot.test.autoconfigure.filter.TypeExcludeFiltersContextCustomizer@8da7afe2, org.springframework.boot.test.autoconfigure.properties.PropertyMappingContextCustomizer@ce135e83, org.springframework.boot.test.autoconfigure.web.servlet.WebDriverContextCustomizerFactory$Customizer@2aff6576, [ImportsContextCustomizer@6823331f key = [org.springframework.boot.autoconfigure.cache.CacheAutoConfiguration, org.springframework.boot.autoconfigure.context.MessageSourceAutoConfiguration, org.springframework.boot.autoconfigure.data.web.SpringDataWebAutoConfiguration, org.springframework.boot.autoconfigure.freemarker.FreeMarkerAutoConfiguration, org.springframework.boot.autoconfigure.groovy.template.GroovyTemplateAutoConfiguration, org.springframework.boot.autoconfigure.gson.GsonAutoConfiguration, org.springframework.boot.autoconfigure.hateoas.HypermediaAutoConfiguration, org.springframework.boot.autoconfigure.http.HttpMessageConvertersAutoConfiguration, org.springframework.boot.autoconfigure.jackson.JacksonAutoConfiguration, org.springframework.boot.autoconfigure.jsonb.JsonbAutoConfiguration, org.springframework.boot.autoconfigure.mustache.MustacheAutoConfiguration, org.springframework.boot.autoconfigure.task.TaskExecutionAutoConfiguration, org.springframework.boot.autoconfigure.thymeleaf.ThymeleafAutoConfiguration, org.springframework.boot.autoconfigure.validation.ValidationAutoConfiguration, org.springframework.boot.autoconfigure.web.servlet.error.ErrorMvcAutoConfiguration, org.springframework.boot.autoconfigure.web.servlet.WebMvcAutoConfiguration, org.springframework.boot.test.autoconfigure.web.servlet.MockMvcAutoConfiguration, org.springframework.boot.test.autoconfigure.web.servlet.MockMvcSecurityAutoConfiguration, org.springframework.boot.test.autoconfigure.web.servlet.MockMvcWebClientAutoConfiguration, org.springframework.boot.test.autoconfigure.web.servlet.MockMvcWebDriverAutoConfiguration]], org.springframework.boot.test.context.filter.ExcludeFilterContextCustomizer@4aaeb94f, org.springframework.boot.test.json.DuplicateJsonObjectContextCustomizerFactory$DuplicateJsonObjectContextCustomizer@6fcb4544, org.springframework.boot.test.mock.mockito.MockitoContextCustomizer@0], resourceBasePath = 'src/main/webapp', contextLoader = 'org.springframework.boot.test.context.SpringBootContextLoader', parent = [null]], attributes = map[[empty]]], class annotated with @DirtiesContext [false] with mode [null].
22:59:18.323 [Test worker] DEBUG org.springframework.test.annotation.ProfileValueUtils - Retrieved @ProfileValueSourceConfiguration [null] for test class [com.machntek.prac.springboot.web.HelloControllerTest]
22:59:18.323 [Test worker] DEBUG org.springframework.test.annotation.ProfileValueUtils - Retrieved ProfileValueSource type [class org.springframework.test.annotation.SystemProfileValueSource] for class [com.machntek.prac.springboot.web.HelloControllerTest]
22:59:18.327 [Test worker] DEBUG org.springframework.test.context.support.DependencyInjectionTestExecutionListener - Performing dependency injection for test context [[DefaultTestContext@55c55912 testClass = HelloControllerTest, testInstance = com.machntek.prac.springboot.web.HelloControllerTest@579a24e8, testMethod = [null], testException = [null], mergedContextConfiguration = [WebMergedContextConfiguration@3000ca11 testClass = HelloControllerTest, locations = '{}', classes = '{class com.machntek.prac.springboot.Application}', contextInitializerClasses = '[]', activeProfiles = '{}', propertySourceLocations = '{}', propertySourceProperties = '{org.springframework.boot.test.autoconfigure.web.servlet.WebMvcTestContextBootstrapper=true}', contextCustomizers = set[org.springframework.boot.test.autoconfigure.OverrideAutoConfigurationContextCustomizerFactory$DisableAutoConfigurationContextCustomizer@444ff38, org.springframework.boot.test.autoconfigure.filter.TypeExcludeFiltersContextCustomizer@8da7afe2, org.springframework.boot.test.autoconfigure.properties.PropertyMappingContextCustomizer@ce135e83, org.springframework.boot.test.autoconfigure.web.servlet.WebDriverContextCustomizerFactory$Customizer@2aff6576, [ImportsContextCustomizer@6823331f key = [org.springframework.boot.autoconfigure.cache.CacheAutoConfiguration, org.springframework.boot.autoconfigure.context.MessageSourceAutoConfiguration, org.springframework.boot.autoconfigure.data.web.SpringDataWebAutoConfiguration, org.springframework.boot.autoconfigure.freemarker.FreeMarkerAutoConfiguration, org.springframework.boot.autoconfigure.groovy.template.GroovyTemplateAutoConfiguration, org.springframework.boot.autoconfigure.gson.GsonAutoConfiguration, org.springframework.boot.autoconfigure.hateoas.HypermediaAutoConfiguration, org.springframework.boot.autoconfigure.http.HttpMessageConvertersAutoConfiguration, org.springframework.boot.autoconfigure.jackson.JacksonAutoConfiguration, org.springframework.boot.autoconfigure.jsonb.JsonbAutoConfiguration, org.springframework.boot.autoconfigure.mustache.MustacheAutoConfiguration, org.springframework.boot.autoconfigure.task.TaskExecutionAutoConfiguration, org.springframework.boot.autoconfigure.thymeleaf.ThymeleafAutoConfiguration, org.springframework.boot.autoconfigure.validation.ValidationAutoConfiguration, org.springframework.boot.autoconfigure.web.servlet.error.ErrorMvcAutoConfiguration, org.springframework.boot.autoconfigure.web.servlet.WebMvcAutoConfiguration, org.springframework.boot.test.autoconfigure.web.servlet.MockMvcAutoConfiguration, org.springframework.boot.test.autoconfigure.web.servlet.MockMvcSecurityAutoConfiguration, org.springframework.boot.test.autoconfigure.web.servlet.MockMvcWebClientAutoConfiguration, org.springframework.boot.test.autoconfigure.web.servlet.MockMvcWebDriverAutoConfiguration]], org.springframework.boot.test.context.filter.ExcludeFilterContextCustomizer@4aaeb94f, org.springframework.boot.test.json.DuplicateJsonObjectContextCustomizerFactory$DuplicateJsonObjectContextCustomizer@6fcb4544, org.springframework.boot.test.mock.mockito.MockitoContextCustomizer@0], resourceBasePath = 'src/main/webapp', contextLoader = 'org.springframework.boot.test.context.SpringBootContextLoader', parent = [null]], attributes = map[[empty]]]].
22:59:18.413 [Test worker] DEBUG org.springframework.test.context.support.TestPropertySourceUtils - Adding inlined properties to environment: {spring.jmx.enabled=false, org.springframework.boot.test.autoconfigure.web.servlet.WebMvcTestContextBootstrapper=true, server.port=-1}

  .   ____          _            __ _ _
 /\\ / ___'_ __ _ _(_)_ __  __ _ \ \ \ \
( ( )\___ | '_ | '_| | '_ \/ _` | \ \ \ \
 \\/  ___)| |_)| | | | | || (_| |  ) ) ) )
  '  |____| .__|_| |_|_| |_\__, | / / / /
 =========|_|==============|___/=/_/_/_/
 :: Spring Boot ::        (v2.1.7.RELEASE)

2021-02-05 22:59:23.624  INFO 13880 --- [    Test worker] c.m.p.s.web.HelloControllerTest          : Starting HelloControllerTest on machntekui-MacBookPro.local with PID 13880 (started by machntek in /Users/machntek/IdeaProjects/freelec-springboot2-prac)
2021-02-05 22:59:23.626  INFO 13880 --- [    Test worker] c.m.p.s.web.HelloControllerTest          : No active profile set, falling back to default profiles: default
2021-02-05 22:59:24.531  INFO 13880 --- [    Test worker] o.s.s.concurrent.ThreadPoolTaskExecutor  : Initializing ExecutorService 'applicationTaskExecutor'
2021-02-05 22:59:24.600  INFO 13880 --- [    Test worker] o.s.b.a.w.s.WelcomePageHandlerMapping    : Adding welcome page template: index
2021-02-05 22:59:24.836  INFO 13880 --- [    Test worker] .s.s.UserDetailsServiceAutoConfiguration : 

Using generated security password: 5da217ea-81f0-4a32-ae0d-4ec27e3d2d8f

2021-02-05 22:59:24.965  INFO 13880 --- [    Test worker] o.s.s.web.DefaultSecurityFilterChain     : Creating filter chain: any request, [org.springframework.security.web.context.request.async.WebAsyncManagerIntegrationFilter@e082998, org.springframework.security.web.context.SecurityContextPersistenceFilter@7f0da1b2, org.springframework.security.web.header.HeaderWriterFilter@40fe6631, org.springframework.security.web.csrf.CsrfFilter@71603d2d, org.springframework.security.web.authentication.logout.LogoutFilter@347a142e, org.springframework.security.web.authentication.UsernamePasswordAuthenticationFilter@531b5e95, org.springframework.security.web.authentication.ui.DefaultLoginPageGeneratingFilter@76416ca1, org.springframework.security.web.authentication.ui.DefaultLogoutPageGeneratingFilter@6bce8471, org.springframework.security.web.authentication.www.BasicAuthenticationFilter@666c0972, org.springframework.security.web.savedrequest.RequestCacheAwareFilter@6fda9119, org.springframework.security.web.servletapi.SecurityContextHolderAwareRequestFilter@c73b5d2, org.springframework.security.web.authentication.AnonymousAuthenticationFilter@565abb0, org.springframework.security.web.session.SessionManagementFilter@12e76037, org.springframework.security.web.access.ExceptionTranslationFilter@6d354810, org.springframework.security.web.access.intercept.FilterSecurityInterceptor@24b79ed0]
2021-02-05 22:59:24.995  INFO 13880 --- [    Test worker] o.s.b.t.m.w.SpringBootMockServletContext : Initializing Spring TestDispatcherServlet ''
2021-02-05 22:59:24.996  INFO 13880 --- [    Test worker] o.s.t.web.servlet.TestDispatcherServlet  : Initializing Servlet ''
2021-02-05 22:59:25.004  INFO 13880 --- [    Test worker] o.s.t.web.servlet.TestDispatcherServlet  : Completed initialization in 8 ms
2021-02-05 22:59:25.037  INFO 13880 --- [    Test worker] c.m.p.s.web.HelloControllerTest          : Started HelloControllerTest in 6.613 seconds (JVM running for 7.531)
]]></system-out>
  <system-err><![CDATA[]]></system-err>
</testsuite>
